build/outputs/logs/manifest-merger-debug-report.txt
-- Merging decision tree log ---
manifest
ADDED from src\main\AndroidManifest.xml:2:1-89:12
	package
		ADDED from src\main\AndroidManifest.xml:3:5-26
	android:versionName
		ADDED from src\main\AndroidManifest.xml:7:5-30
		INJECTED from src\main\AndroidManifest.xml
		INJECTED from src\main\AndroidManifest.xml
	android:versionCode
		ADDED from src\main\AndroidManifest.xml:6:5-28
		INJECTED from src\main\AndroidManifest.xml
		INJECTED from src\main\AndroidManifest.xml
	xmlns:android
		ADDED from src\main\AndroidManifest.xml:2:11-69
	android:installLocation
		ADDED from src\main\AndroidManifest.xml:4:5-45
	android:theme
		ADDED from src\main\AndroidManifest.xml:5:5-52
uses-sdk
ADDED from src\main\AndroidManifest.xml:9:5-11:41
MERGED from [com.android.support:appcompat-v7:24.0.0] AndroidManifest.xml:21:5-23:78
MERGED from [com.android.support:animated-vector-drawable:24.0.0] AndroidManifest.xml:20:5-44
MERGED from [com.android.support:support-vector-drawable:24.0.0] AndroidManifest.xml:21:5-43
MERGED from [com.android.support:support-v4:24.0.0] AndroidManifest.xml:21:5-23:54
	tools:overrideLibrary
		ADDED from [com.android.support:appcompat-v7:24.0.0] AndroidManifest.xml:23:9-75
	android:targetSdkVersion
		ADDED from src\main\AndroidManifest.xml:11:9-38
		INJECTED from src\main\AndroidManifest.xml
		INJECTED from src\main\AndroidManifest.xml
	android:minSdkVersion
		ADDED from src\main\AndroidManifest.xml:10:9-35
uses-feature#android.hardware.camera
ADDED from src\main\AndroidManifest.xml:12:5-60
	android:name
		ADDED from src\main\AndroidManifest.xml:12:19-57
supports-screens
ADDED from src\main\AndroidManifest.xml:13:5-18:40
	android:largeScreens
		ADDED from src\main\AndroidManifest.xml:15:9-36
	android:smallScreens
		ADDED from src\main\AndroidManifest.xml:17:9-36
	android:normalScreens
		ADDED from src\main\AndroidManifest.xml:16:9-37
	android:xlargeScreens
		ADDED from src\main\AndroidManifest.xml:18:9-37
	android:anyDensity
		ADDED from src\main\AndroidManifest.xml:14:9-34
uses-permission#android.permission.INTERNET
ADDED from src\main\AndroidManifest.xml:20:5-67
	android:name
		ADDED from src\main\AndroidManifest.xml:20:22-64
uses-permission#android.permission.CAMERA
ADDED from src\main\AndroidManifest.xml:21:5-65
	android:name
		ADDED from src\main\AndroidManifest.xml:21:22-62
uses-permission#android.permission.ACCESS_NETWORK_STATE
ADDED from src\main\AndroidManifest.xml:22:5-79
	android:name
		ADDED from src\main\AndroidManifest.xml:22:22-76
uses-permission#android.permission.WRITE_EXTERNAL_STORAGE
ADDED from src\main\AndroidManifest.xml:23:5-81
	android:name
		ADDED from src\main\AndroidManifest.xml:23:22-78
application
ADDED from src\main\AndroidManifest.xml:25:5-71:19
MERGED from [com.android.support:appcompat-v7:24.0.0] AndroidManifest.xml:25:5-20
MERGED from [com.android.support:animated-vector-drawable:24.0.0] AndroidManifest.xml:22:5-20
MERGED from [com.android.support:support-vector-drawable:24.0.0] AndroidManifest.xml:23:5-20
MERGED from [com.android.support:support-v4:24.0.0] AndroidManifest.xml:25:5-20
	android:label
		ADDED from src\main\AndroidManifest.xml:29:9-41
	android:icon
		ADDED from src\main\AndroidManifest.xml:27:9-42
	android:banner
		ADDED from src\main\AndroidManifest.xml:26:9-46
	android:theme
		ADDED from src\main\AndroidManifest.xml:30:9-67
	android:isGame
		ADDED from src\main\AndroidManifest.xml:28:9-30
activity#itl.skinart.UnityPlayerActivity
ADDED from src\main\AndroidManifest.xml:31:9-43:20
	android:screenOrientation
		ADDED from src\main\AndroidManifest.xml:36:13-51
	android:label
		ADDED from src\main\AndroidManifest.xml:34:13-45
	android:launchMode
		ADDED from src\main\AndroidManifest.xml:35:13-44
	android:configChanges
		ADDED from src\main\AndroidManifest.xml:33:13-170
	android:name
		ADDED from src\main\AndroidManifest.xml:32:13-59
meta-data#unityplayer.UnityActivity
ADDED from src\main\AndroidManifest.xml:37:13-39:40
	android:value
		ADDED from src\main\AndroidManifest.xml:39:17-37
	android:name
		ADDED from src\main\AndroidManifest.xml:38:17-57
meta-data#unityplayer.ForwardNativeEventsToDalvik
ADDED from src\main\AndroidManifest.xml:40:13-42:41
	android:value
		ADDED from src\main\AndroidManifest.xml:42:17-38
	android:name
		ADDED from src\main\AndroidManifest.xml:41:17-71
activity#itl.skinart.MainActivity
ADDED from src\main\AndroidManifest.xml:44:9-51:20
	android:theme
		ADDED from src\main\AndroidManifest.xml:46:13-51
	android:name
		ADDED from src\main\AndroidManifest.xml:45:13-41
intent-filter#android.intent.action.MAIN+android.intent.category.LAUNCHER
ADDED from src\main\AndroidManifest.xml:47:13-50:29
action#android.intent.action.MAIN
ADDED from src\main\AndroidManifest.xml:48:17-69
	android:name
		ADDED from src\main\AndroidManifest.xml:48:25-66
category#android.intent.category.LAUNCHER
ADDED from src\main\AndroidManifest.xml:49:17-77
	android:name
		ADDED from src\main\AndroidManifest.xml:49:27-74
activity#com.unity3d.player.VideoPlayer
ADDED from src\main\AndroidManifest.xml:52:9-56:61
	android:screenOrientation
		ADDED from src\main\AndroidManifest.xml:56:13-49
	android:label
		ADDED from src\main\AndroidManifest.xml:55:13-45
	android:configChanges
		ADDED from src\main\AndroidManifest.xml:54:13-170
	android:name
		ADDED from src\main\AndroidManifest.xml:53:13-58
uses-library#com.ti.s3d
ADDED from src\main\AndroidManifest.xml:62:9-64:40
	android:required
		ADDED from src\main\AndroidManifest.xml:64:13-37
	android:name
		ADDED from src\main\AndroidManifest.xml:63:13-38
uses-library#com.osterhoutgroup.api.ext
ADDED from src\main\AndroidManifest.xml:68:9-70:40
	android:required
		ADDED from src\main\AndroidManifest.xml:70:13-37
	android:name
		ADDED from src\main\AndroidManifest.xml:69:13-54
uses-feature#0x00020000
ADDED from src\main\AndroidManifest.xml:73:5-54
	android:glEsVersion
		ADDED from src\main\AndroidManifest.xml:73:19-51
uses-feature#android.hardware.camera.autofocus
ADDED from src\main\AndroidManifest.xml:74:5-76:36
	android:required
		ADDED from src\main\AndroidManifest.xml:76:9-33
	android:name
		ADDED from src\main\AndroidManifest.xml:75:9-57
uses-feature#android.hardware.camera.front
ADDED from src\main\AndroidManifest.xml:77:5-79:36
	android:required
		ADDED from src\main\AndroidManifest.xml:79:9-33
	android:name
		ADDED from src\main\AndroidManifest.xml:78:9-53
uses-feature#android.hardware.touchscreen
ADDED from src\main\AndroidManifest.xml:80:5-82:36
	android:required
		ADDED from src\main\AndroidManifest.xml:82:9-33
	android:name
		ADDED from src\main\AndroidManifest.xml:81:9-52
uses-feature#android.hardware.touchscreen.multitouch
ADDED from src\main\AndroidManifest.xml:83:5-85:36
	android:required
		ADDED from src\main\AndroidManifest.xml:85:9-33
	android:name
		ADDED from src\main\AndroidManifest.xml:84:9-63
uses-feature#android.hardware.touchscreen.multitouch.distinct
ADDED from src\main\AndroidManifest.xml:86:5-88:36
	android:required
		ADDED from src\main\AndroidManifest.xml:88:9-33
	android:name
		ADDED from src\main\AndroidManifest.xml:87:9-72